e:\ssddata\onedrive\6th semester\software construction\lab\lab1\matrixclient1\matrixlib\debug\matrixlib.pch
e:\ssddata\onedrive\6th semester\software construction\lab\lab1\matrixclient1\matrixlib\debug\vc140.pdb
e:\ssddata\onedrive\6th semester\software construction\lab\lab1\matrixclient1\matrixlib\debug\stdafx.obj
e:\ssddata\onedrive\6th semester\software construction\lab\lab1\matrixclient1\matrixlib\debug\matrixmultiplication.obj
e:\ssddata\onedrive\6th semester\software construction\lab\lab1\matrixclient1\matrixlib\debug\matrixlib.obj
e:\ssddata\onedrive\6th semester\software construction\lab\lab1\matrixclient1\matrixlib\debug\matrixinverse.obj
e:\ssddata\onedrive\6th semester\software construction\lab\lab1\matrixclient1\matrixlib\debug\matrixaddsub.obj
e:\ssddata\onedrive\6th semester\software construction\lab\lab1\matrixclient1\matrixlib\debug\assemblyinfo.obj
e:\ssddata\onedrive\6th semester\software construction\lab\lab1\matrixclient1\matrixlib\debug\.netframework,version=v4.5.2.assemblyattributes.obj
e:\ssddata\onedrive\6th semester\software construction\lab\lab1\matrixclient1\matrixlib\debug\.netframework,version=v4.5.2.assemblyattributes.asm
e:\ssddata\onedrive\6th semester\software construction\lab\lab1\matrixclient1\debug\matrixlib.dll
e:\ssddata\onedrive\6th semester\software construction\lab\lab1\matrixclient1\debug\matrixlib.pdb
e:\ssddata\onedrive\6th semester\software construction\lab\lab1\matrixclient1\debug\matrixlib.lib
e:\ssddata\onedrive\6th semester\software construction\lab\lab1\matrixclient1\debug\matrixlib.exp
e:\ssddata\onedrive\6th semester\software construction\lab\lab1\matrixclient1\matrixlib\debug\app.res
e:\ssddata\onedrive\6th semester\software construction\lab\lab1\matrixclient1\matrixlib\debug\matrixlib.tlog\cl.command.1.tlog
e:\ssddata\onedrive\6th semester\software construction\lab\lab1\matrixclient1\matrixlib\debug\matrixlib.tlog\cl.read.1.tlog
e:\ssddata\onedrive\6th semester\software construction\lab\lab1\matrixclient1\matrixlib\debug\matrixlib.tlog\cl.write.1.tlog
e:\ssddata\onedrive\6th semester\software construction\lab\lab1\matrixclient1\matrixlib\debug\matrixlib.tlog\link.command.1.tlog
e:\ssddata\onedrive\6th semester\software construction\lab\lab1\matrixclient1\matrixlib\debug\matrixlib.tlog\link.read.1.tlog
e:\ssddata\onedrive\6th semester\software construction\lab\lab1\matrixclient1\matrixlib\debug\matrixlib.tlog\link.write.1.tlog
e:\ssddata\onedrive\6th semester\software construction\lab\lab1\matrixclient1\matrixlib\debug\matrixlib.tlog\matrixlib.write.1u.tlog
e:\ssddata\onedrive\6th semester\software construction\lab\lab1\matrixclient1\matrixlib\debug\matrixlib.tlog\metagen.read.1.tlog
e:\ssddata\onedrive\6th semester\software construction\lab\lab1\matrixclient1\matrixlib\debug\matrixlib.tlog\metagen.write.1.tlog
e:\ssddata\onedrive\6th semester\software construction\lab\lab1\matrixclient1\matrixlib\debug\matrixlib.tlog\rc.command.1.tlog
e:\ssddata\onedrive\6th semester\software construction\lab\lab1\matrixclient1\matrixlib\debug\matrixlib.tlog\rc.read.1.tlog
e:\ssddata\onedrive\6th semester\software construction\lab\lab1\matrixclient1\matrixlib\debug\matrixlib.tlog\rc.write.1.tlog
e:\ssddata\onedrive\6th semester\software construction\lab\lab1\matrixclient1\matrixlib\debug\matrixlib.tlog\tzres.dll.bi
