Build started 07-Feb-18 12:17:38 PM.
     1>Project "E:\SSDData\OneDrive\6th Semester\Software Construction\Lab\Lab1\MatrixClient1\MatrixLib\MatrixLib.vcxproj" on node 2 (Build target(s)).
     1>ClCompile:
         C:\Program Files (x86)\Microsoft Visual Studio 14.0\VC\bin\CL.exe /c /AI"C:\Program Files (x86)\Reference Assemblies\Microsoft\Framework\.NETFramework\v4.5.2\\" /AI"C:\Program Files (x86)\Windows Kits\8.1\References\CommonConfiguration\Neutral" /AI"C:\Program Files (x86)\Reference Assemblies\Microsoft\Framework\.NETFramework\v4.5.2\Facades\\" /Zi /clr /nologo /W3 /WX- /Od /Oy- /D WIN32 /D _DEBUG /D _WINDLL /D _UNICODE /D UNICODE /EHa /MDd /GS /fp:precise /Zc:wchar_t /Zc:forScope /Zc:inline /Yu"stdafx.h" /Fp"Debug\MatrixLib.pch" /Fo"Debug\\" /Fd"Debug\vc140.pdb" /TP /FU"C:\Program Files (x86)\Reference Assemblies\Microsoft\Framework\.NETFramework\v4.5.2\mscorlib.dll" /FU"C:\Program Files (x86)\Reference Assemblies\Microsoft\Framework\.NETFramework\v4.5.2\System.Data.dll" /FU"C:\Program Files (x86)\Reference Assemblies\Microsoft\Framework\.NETFramework\v4.5.2\System.dll" /FU"C:\Program Files (x86)\Reference Assemblies\Microsoft\Framework\.NETFramework\v4.5.2\System.Xml.dll" /analyze- /errorReport:prompt /clr:nostdlib MatrixLib.cpp MatrixMultiplication.cpp
         MatrixLib.cpp
         MatrixMultiplication.cpp
         Generating Code...
       Link:
         C:\Program Files (x86)\Microsoft Visual Studio 14.0\VC\bin\link.exe /ERRORREPORT:PROMPT /OUT:"E:\SSDData\OneDrive\6th Semester\Software Construction\Lab\Lab1\MatrixClient1\Debug\MatrixLib.dll" /INCREMENTAL /NOLOGO /MANIFEST /MANIFESTUAC:"level='asInvoker' uiAccess='false'" /manifest:embed /Debug /PDB:"E:\SSDData\OneDrive\6th Semester\Software Construction\Lab\Lab1\MatrixClient1\Debug\MatrixLib.pdb" /ASSEMBLYDEBUG /TLBID:1 /DYNAMICBASE /FIXED:NO /NXCOMPAT /MACHINE:X86 /DLL Debug\app.res
         Debug\AssemblyInfo.obj
         Debug\MatrixAddSub.obj
         Debug\MatrixInverse.obj
         Debug\MatrixLib.obj
         Debug\MatrixMultiplication.obj
         Debug\Stdafx.obj
         "Debug\.NETFramework,Version=v4.5.2.AssemblyAttributes.obj"
         MatrixLib.vcxproj -> E:\SSDData\OneDrive\6th Semester\Software Construction\Lab\Lab1\MatrixClient1\Debug\MatrixLib.dll
     1>Done Building Project "E:\SSDData\OneDrive\6th Semester\Software Construction\Lab\Lab1\MatrixClient1\MatrixLib\MatrixLib.vcxproj" (Build target(s)).

Build succeeded.

Time Elapsed 00:00:02.22
